<?xml version="1.0" encoding="UTF-8"?>
<testsuite xmlns:xsi="http://www.w3.org/2001/XMLSchema-instance" xsi:noNamespaceSchemaLocation="https://maven.apache.org/surefire/maven-surefire-plugin/xsd/surefire-test-report-3.0.xsd" version="3.0" name="tqs.lab5.CucumberTest" time="1.41" tests="7" errors="0" skipped="0" failures="0">
  <properties>
[...]
</properties>
  <testcase name="Addition" classname="Basic Arithmetic" time="0.817">
    <system-out><![CDATA[12:25:42.634 [main] DEBUG tqs.lab5.CalculatorSteps -- Adding 4 and 5
12:25:42.653 [main] DEBUG tqs.lab5.CalculatorSteps -- Result: 9.0 (expected 9.0)
]]></system-out>
  </testcase>
  <testcase name="Substraction" classname="Basic Arithmetic" time="0.007">
    <system-out><![CDATA[12:25:42.688 [main] DEBUG tqs.lab5.CalculatorSteps -- Substracting 7 and 2
12:25:42.688 [main] DEBUG tqs.lab5.CalculatorSteps -- Result: 5.0 (expected 5.0)
]]></system-out>
  </testcase>
  <testcase name="Multiplication" classname="Basic Arithmetic" time="0.005">
    <system-out><![CDATA[12:25:42.704 [main] DEBUG tqs.lab5.CalculatorSteps -- Multiplying 3 and 4
12:25:42.704 [main] DEBUG tqs.lab5.CalculatorSteps -- Result: 12.0 (expected 12.0)
]]></system-out>
  </testcase>
  <testcase name="Division" classname="Basic Arithmetic" time="0.004">
    <system-out><![CDATA[12:25:42.708 [main] DEBUG tqs.lab5.CalculatorSteps -- Dividing 10 by 2
12:25:42.709 [main] DEBUG tqs.lab5.CalculatorSteps -- Result: 5.0 (expected 5.0)
]]></system-out>
  </testcase>
  <testcase name="Division by zero" classname="Basic Arithmetic" time="0.004">
    <system-out><![CDATA[12:25:42.713 [main] DEBUG tqs.lab5.CalculatorSteps -- Dividing 10 by 0
]]></system-out>
  </testcase>
  <testcase name="Example #1.1" classname="Single digits" time="0.005">
    <system-out><![CDATA[12:25:42.693 [main] DEBUG tqs.lab5.CalculatorSteps -- Adding 1 and 2
12:25:42.693 [main] DEBUG tqs.lab5.CalculatorSteps -- Result: 3.0 (expected 3.0)
]]></system-out>
  </testcase>
  <testcase name="Example #1.2" classname="Single digits" time="0.005">
    <system-out><![CDATA[12:25:42.698 [main] DEBUG tqs.lab5.CalculatorSteps -- Adding 3 and 7
12:25:42.699 [main] DEBUG tqs.lab5.CalculatorSteps -- Result: 10.0 (expected 10.0)
]]></system-out>
  </testcase>
</testsuite>