<?xml version="1.0" encoding="UTF-8"?>
<testsuite xmlns:xsi="http://www.w3.org/2001/XMLSchema-instance" xsi:noNamespaceSchemaLocation="https://maven.apache.org/surefire/maven-surefire-plugin/xsd/surefire-test-report.xsd" name="tqs.lab2.StocksPortfolioTest" time="6.842" tests="2" errors="0" skipped="0" failures="0">
  <properties>
[...]
</properties>
  <testcase name="testTotalValueWithHamcrest" classname="tqs.lab2.StocksPortfolioTest" time="6.669"/>
  <testcase name="testTotalValue" classname="tqs.lab2.StocksPortfolioTest" time="0.018"/>
</testsuite>